<?xml version="1.0" encoding="UTF-8"?>
<testsuite xmlns:xsi="http://www.w3.org/2001/XMLSchema-instance" xsi:noNamespaceSchemaLocation="https://maven.apache.org/surefire/maven-surefire-plugin/xsd/surefire-test-report.xsd" name="com.itfb.project.ITFBTest" time="9.945" tests="9" errors="0" skipped="0" failures="0">
  <properties>
    <property name="sun.desktop" value="gnome"/>
    <property name="awt.toolkit" value="sun.awt.X11.XToolkit"/>
    <property name="file.encoding.pkg" value="sun.io"/>
    <property name="java.specification.version" value="1.8"/>
    <property name="sun.cpu.isalist" value=""/>
    <property name="sun.jnu.encoding" value="UTF-8"/>
    <property name="java.class.path" value="/home/aleksandr/IdeaProjects/webportal/ITFB/target/test-classes:/home/aleksandr/IdeaProjects/webportal/ITFB/target/classes:/home/aleksandr/.m2/repository/com/codeborne/selenide/4.10.01/selenide-4.10.01.jar:/home/aleksandr/.m2/repository/io/github/bonigarcia/webdrivermanager/2.1.0/webdrivermanager-2.1.0.jar:/home/aleksandr/.m2/repository/org/slf4j/slf4j-api/1.7.25/slf4j-api-1.7.25.jar:/home/aleksandr/.m2/repository/commons-io/commons-io/2.5/commons-io-2.5.jar:/home/aleksandr/.m2/repository/org/apache/commons/commons-lang3/3.8.1/commons-lang3-3.8.1.jar:/home/aleksandr/.m2/repository/org/apache/httpcomponents/httpclient/4.5.6/httpclient-4.5.6.jar:/home/aleksandr/.m2/repository/org/rauschig/jarchivelib/0.7.1/jarchivelib-0.7.1.jar:/home/aleksandr/.m2/repository/org/apache/commons/commons-compress/1.9/commons-compress-1.9.jar:/home/aleksandr/.m2/repository/org/jsoup/jsoup/1.10.2/jsoup-1.10.2.jar:/home/aleksandr/.m2/repository/org/apache/httpcomponents/httpcore/4.4.10/httpcore-4.4.10.jar:/home/aleksandr/.m2/repository/org/seleniumhq/selenium/selenium-java/3.14.0/selenium-java-3.14.0.jar:/home/aleksandr/.m2/repository/org/seleniumhq/selenium/selenium-api/3.14.0/selenium-api-3.14.0.jar:/home/aleksandr/.m2/repository/org/seleniumhq/selenium/selenium-chrome-driver/3.14.0/selenium-chrome-driver-3.14.0.jar:/home/aleksandr/.m2/repository/org/seleniumhq/selenium/selenium-edge-driver/3.14.0/selenium-edge-driver-3.14.0.jar:/home/aleksandr/.m2/repository/org/seleniumhq/selenium/selenium-firefox-driver/3.14.0/selenium-firefox-driver-3.14.0.jar:/home/aleksandr/.m2/repository/org/seleniumhq/selenium/selenium-ie-driver/3.14.0/selenium-ie-driver-3.14.0.jar:/home/aleksandr/.m2/repository/org/seleniumhq/selenium/selenium-opera-driver/3.14.0/selenium-opera-driver-3.14.0.jar:/home/aleksandr/.m2/repository/org/seleniumhq/selenium/selenium-remote-driver/3.14.0/selenium-remote-driver-3.14.0.jar:/home/aleksandr/.m2/repository/org/seleniumhq/selenium/selenium-support/3.14.0/selenium-support-3.14.0.jar:/home/aleksandr/.m2/repository/net/bytebuddy/byte-buddy/1.9.5/byte-buddy-1.9.5.jar:/home/aleksandr/.m2/repository/org/apache/commons/commons-exec/1.3/commons-exec-1.3.jar:/home/aleksandr/.m2/repository/commons-logging/commons-logging/1.2/commons-logging-1.2.jar:/home/aleksandr/.m2/repository/com/squareup/okhttp3/okhttp/3.10.0/okhttp-3.10.0.jar:/home/aleksandr/.m2/repository/com/squareup/okio/okio/1.14.1/okio-1.14.1.jar:/home/aleksandr/.m2/repository/com/google/code/gson/gson/2.8.5/gson-2.8.5.jar:/home/aleksandr/.m2/repository/com/google/guava/guava/23.6-jre/guava-23.6-jre.jar:/home/aleksandr/.m2/repository/com/google/code/findbugs/jsr305/1.3.9/jsr305-1.3.9.jar:/home/aleksandr/.m2/repository/org/checkerframework/checker-compat-qual/2.0.0/checker-compat-qual-2.0.0.jar:/home/aleksandr/.m2/repository/com/google/errorprone/error_prone_annotations/2.1.3/error_prone_annotations-2.1.3.jar:/home/aleksandr/.m2/repository/com/google/j2objc/j2objc-annotations/1.1/j2objc-annotations-1.1.jar:/home/aleksandr/.m2/repository/org/codehaus/mojo/animal-sniffer-annotations/1.14/animal-sniffer-annotations-1.14.jar:/home/aleksandr/.m2/repository/net/lightbody/bmp/browsermob-core/2.1.5/browsermob-core-2.1.5.jar:/home/aleksandr/.m2/repository/net/lightbody/bmp/littleproxy/1.1.0-beta-bmp-17/littleproxy-1.1.0-beta-bmp-17.jar:/home/aleksandr/.m2/repository/com/fasterxml/jackson/core/jackson-core/2.9.7/jackson-core-2.9.7.jar:/home/aleksandr/.m2/repository/com/fasterxml/jackson/core/jackson-databind/2.9.7/jackson-databind-2.9.7.jar:/home/aleksandr/.m2/repository/com/fasterxml/jackson/core/jackson-annotations/2.9.0/jackson-annotations-2.9.0.jar:/home/aleksandr/.m2/repository/dnsjava/dnsjava/2.1.8/dnsjava-2.1.8.jar:/home/aleksandr/.m2/repository/org/slf4j/jcl-over-slf4j/1.7.25/jcl-over-slf4j-1.7.25.jar:/home/aleksandr/.m2/repository/com/jcraft/jzlib/1.1.3/jzlib-1.1.3.jar:/home/aleksandr/.m2/repository/io/netty/netty-all/4.1.31.Final/netty-all-4.1.31.Final.jar:/home/aleksandr/.m2/repository/org/bouncycastle/bcprov-jdk15on/1.58/bcprov-jdk15on-1.58.jar:/home/aleksandr/.m2/repository/org/bouncycastle/bcpkix-jdk15on/1.58/bcpkix-jdk15on-1.58.jar:/home/aleksandr/.m2/repository/net/lightbody/bmp/mitm/2.1.5/mitm-2.1.5.jar:/home/aleksandr/.m2/repository/com/codeborne/phantomjsdriver/1.4.4/phantomjsdriver-1.4.4.jar:/home/aleksandr/.m2/repository/commons-codec/commons-codec/1.11/commons-codec-1.11.jar:/home/aleksandr/.m2/repository/io/qameta/allure/allure-junit4/2.6.0/allure-junit4-2.6.0.jar:/home/aleksandr/.m2/repository/io/qameta/allure/allure-java-commons/2.6.0/allure-java-commons-2.6.0.jar:/home/aleksandr/.m2/repository/io/qameta/allure/allure2-model-api/1.0-BETA6/allure2-model-api-1.0-BETA6.jar:/home/aleksandr/.m2/repository/io/qameta/allure/allure2-model-pojo/1.0-BETA6/allure2-model-pojo-1.0-BETA6.jar:/home/aleksandr/.m2/repository/org/apache/tika/tika-core/1.14/tika-core-1.14.jar:/home/aleksandr/.m2/repository/io/qameta/allure/allure2-model-jackson/1.0-BETA6/allure2-model-jackson-1.0-BETA6.jar:/home/aleksandr/.m2/repository/com/fasterxml/jackson/module/jackson-module-jaxb-annotations/2.9.7/jackson-module-jaxb-annotations-2.9.7.jar:/home/aleksandr/.m2/repository/org/aspectj/aspectjrt/1.8.10/aspectjrt-1.8.10.jar:/home/aleksandr/.m2/repository/org/jooq/joor/0.9.6/joor-0.9.6.jar:/home/aleksandr/.m2/repository/junit/junit/4.12/junit-4.12.jar:/home/aleksandr/.m2/repository/io/qameta/allure/allure-cucumber-jvm/2.6.0/allure-cucumber-jvm-2.6.0.jar:/home/aleksandr/.m2/repository/info/cukes/cucumber-core/1.2.5/cucumber-core-1.2.5.jar:/home/aleksandr/.m2/repository/info/cukes/cucumber-html/0.2.3/cucumber-html-0.2.3.jar:/home/aleksandr/.m2/repository/info/cukes/cucumber-jvm-deps/1.0.5/cucumber-jvm-deps-1.0.5.jar:/home/aleksandr/.m2/repository/info/cukes/cucumber-java/1.2.5/cucumber-java-1.2.5.jar:/home/aleksandr/.m2/repository/info/cukes/cucumber-junit/1.2.5/cucumber-junit-1.2.5.jar:/home/aleksandr/.m2/repository/info/cukes/gherkin/2.12.2/gherkin-2.12.2.jar:/home/aleksandr/.m2/repository/io/qameta/allure/allure-selenide/2.6.0/allure-selenide-2.6.0.jar:/home/aleksandr/.m2/repository/org/springframework/spring-core/5.1.3.RELEASE/spring-core-5.1.3.RELEASE.jar:/home/aleksandr/.m2/repository/org/springframework/spring-jcl/5.1.3.RELEASE/spring-jcl-5.1.3.RELEASE.jar:/home/aleksandr/.m2/repository/org/springframework/boot/spring-boot-starter-web/2.1.1.RELEASE/spring-boot-starter-web-2.1.1.RELEASE.jar:/home/aleksandr/.m2/repository/org/springframework/boot/spring-boot-starter/2.1.1.RELEASE/spring-boot-starter-2.1.1.RELEASE.jar:/home/aleksandr/.m2/repository/org/springframework/boot/spring-boot/2.1.1.RELEASE/spring-boot-2.1.1.RELEASE.jar:/home/aleksandr/.m2/repository/org/springframework/boot/spring-boot-autoconfigure/2.1.1.RELEASE/spring-boot-autoconfigure-2.1.1.RELEASE.jar:/home/aleksandr/.m2/repository/org/springframework/boot/spring-boot-starter-logging/2.1.1.RELEASE/spring-boot-starter-logging-2.1.1.RELEASE.jar:/home/aleksandr/.m2/repository/ch/qos/logback/logback-classic/1.2.3/logback-classic-1.2.3.jar:/home/aleksandr/.m2/repository/ch/qos/logback/logback-core/1.2.3/logback-core-1.2.3.jar:/home/aleksandr/.m2/repository/org/apache/logging/log4j/log4j-to-slf4j/2.11.1/log4j-to-slf4j-2.11.1.jar:/home/aleksandr/.m2/repository/org/apache/logging/log4j/log4j-api/2.11.1/log4j-api-2.11.1.jar:/home/aleksandr/.m2/repository/org/slf4j/jul-to-slf4j/1.7.25/jul-to-slf4j-1.7.25.jar:/home/aleksandr/.m2/repository/javax/annotation/javax.annotation-api/1.3.2/javax.annotation-api-1.3.2.jar:/home/aleksandr/.m2/repository/org/yaml/snakeyaml/1.23/snakeyaml-1.23.jar:/home/aleksandr/.m2/repository/org/springframework/boot/spring-boot-starter-json/2.1.1.RELEASE/spring-boot-starter-json-2.1.1.RELEASE.jar:/home/aleksandr/.m2/repository/com/fasterxml/jackson/datatype/jackson-datatype-jdk8/2.9.7/jackson-datatype-jdk8-2.9.7.jar:/home/aleksandr/.m2/repository/com/fasterxml/jackson/datatype/jackson-datatype-jsr310/2.9.7/jackson-datatype-jsr310-2.9.7.jar:/home/aleksandr/.m2/repository/com/fasterxml/jackson/module/jackson-module-parameter-names/2.9.7/jackson-module-parameter-names-2.9.7.jar:/home/aleksandr/.m2/repository/org/springframework/boot/spring-boot-starter-tomcat/2.1.1.RELEASE/spring-boot-starter-tomcat-2.1.1.RELEASE.jar:/home/aleksandr/.m2/repository/org/apache/tomcat/embed/tomcat-embed-core/9.0.13/tomcat-embed-core-9.0.13.jar:/home/aleksandr/.m2/repository/org/apache/tomcat/embed/tomcat-embed-el/9.0.13/tomcat-embed-el-9.0.13.jar:/home/aleksandr/.m2/repository/org/apache/tomcat/embed/tomcat-embed-websocket/9.0.13/tomcat-embed-websocket-9.0.13.jar:/home/aleksandr/.m2/repository/org/hibernate/validator/hibernate-validator/6.0.13.Final/hibernate-validator-6.0.13.Final.jar:/home/aleksandr/.m2/repository/javax/validation/validation-api/2.0.1.Final/validation-api-2.0.1.Final.jar:/home/aleksandr/.m2/repository/org/jboss/logging/jboss-logging/3.3.2.Final/jboss-logging-3.3.2.Final.jar:/home/aleksandr/.m2/repository/com/fasterxml/classmate/1.4.0/classmate-1.4.0.jar:/home/aleksandr/.m2/repository/org/springframework/spring-web/5.1.3.RELEASE/spring-web-5.1.3.RELEASE.jar:/home/aleksandr/.m2/repository/org/springframework/spring-beans/5.1.3.RELEASE/spring-beans-5.1.3.RELEASE.jar:/home/aleksandr/.m2/repository/org/springframework/spring-webmvc/5.1.3.RELEASE/spring-webmvc-5.1.3.RELEASE.jar:/home/aleksandr/.m2/repository/org/springframework/spring-aop/5.1.3.RELEASE/spring-aop-5.1.3.RELEASE.jar:/home/aleksandr/.m2/repository/org/springframework/spring-context/5.1.3.RELEASE/spring-context-5.1.3.RELEASE.jar:/home/aleksandr/.m2/repository/org/springframework/spring-expression/5.1.3.RELEASE/spring-expression-5.1.3.RELEASE.jar:/home/aleksandr/.m2/repository/org/springframework/boot/spring-boot-starter-test/2.1.1.RELEASE/spring-boot-starter-test-2.1.1.RELEASE.jar:/home/aleksandr/.m2/repository/org/springframework/boot/spring-boot-test/2.1.1.RELEASE/spring-boot-test-2.1.1.RELEASE.jar:/home/aleksandr/.m2/repository/org/springframework/boot/spring-boot-test-autoconfigure/2.1.1.RELEASE/spring-boot-test-autoconfigure-2.1.1.RELEASE.jar:/home/aleksandr/.m2/repository/com/jayway/jsonpath/json-path/2.4.0/json-path-2.4.0.jar:/home/aleksandr/.m2/repository/net/minidev/json-smart/2.3/json-smart-2.3.jar:/home/aleksandr/.m2/repository/net/minidev/accessors-smart/1.2/accessors-smart-1.2.jar:/home/aleksandr/.m2/repository/org/ow2/asm/asm/5.0.4/asm-5.0.4.jar:/home/aleksandr/.m2/repository/org/assertj/assertj-core/3.11.1/assertj-core-3.11.1.jar:/home/aleksandr/.m2/repository/org/mockito/mockito-core/2.23.4/mockito-core-2.23.4.jar:/home/aleksandr/.m2/repository/net/bytebuddy/byte-buddy-agent/1.9.5/byte-buddy-agent-1.9.5.jar:/home/aleksandr/.m2/repository/org/objenesis/objenesis/2.6/objenesis-2.6.jar:/home/aleksandr/.m2/repository/org/hamcrest/hamcrest-core/1.3/hamcrest-core-1.3.jar:/home/aleksandr/.m2/repository/org/hamcrest/hamcrest-library/1.3/hamcrest-library-1.3.jar:/home/aleksandr/.m2/repository/org/skyscreamer/jsonassert/1.5.0/jsonassert-1.5.0.jar:/home/aleksandr/.m2/repository/com/vaadin/external/google/android-json/0.0.20131108.vaadin1/android-json-0.0.20131108.vaadin1.jar:/home/aleksandr/.m2/repository/org/springframework/spring-test/5.1.3.RELEASE/spring-test-5.1.3.RELEASE.jar:/home/aleksandr/.m2/repository/org/xmlunit/xmlunit-core/2.6.2/xmlunit-core-2.6.2.jar:/home/aleksandr/.m2/repository/io/cucumber/cucumber-java/2.3.1/cucumber-java-2.3.1.jar:/home/aleksandr/.m2/repository/io/cucumber/cucumber-core/2.3.1/cucumber-core-2.3.1.jar:/home/aleksandr/.m2/repository/io/cucumber/cucumber-jvm-deps/1.0.6/cucumber-jvm-deps-1.0.6.jar:/home/aleksandr/.m2/repository/io/cucumber/gherkin/5.0.0/gherkin-5.0.0.jar:/home/aleksandr/.m2/repository/io/cucumber/tag-expressions/1.1.1/tag-expressions-1.1.1.jar:/home/aleksandr/.m2/repository/io/cucumber/cucumber-junit/2.3.1/cucumber-junit-2.3.1.jar:/home/aleksandr/.m2/repository/io/cucumber/cucumber-spring/4.2.0/cucumber-spring-4.2.0.jar:"/>
    <property name="java.vm.vendor" value="Oracle Corporation"/>
    <property name="sun.arch.data.model" value="64"/>
    <property name="java.vendor.url" value="http://java.oracle.com/"/>
    <property name="user.timezone" value=""/>
    <property name="java.vm.specification.version" value="1.8"/>
    <property name="os.name" value="Linux"/>
    <property name="user.country" value="RU"/>
    <property name="sun.java.launcher" value="SUN_STANDARD"/>
    <property name="sun.boot.library.path" value="/usr/lib/jvm/java-8-oracle/jre/lib/amd64"/>
    <property name="sun.java.command" value="/home/aleksandr/IdeaProjects/webportal/ITFB/target/surefire/surefirebooter8843982955846011343.jar /home/aleksandr/IdeaProjects/webportal/ITFB/target/surefire 2019-01-23T19-10-56_754-jvmRun1 surefire3527967930078821023tmp surefire_072884165035075913tmp"/>
    <property name="surefire.test.class.path" value="/home/aleksandr/IdeaProjects/webportal/ITFB/target/test-classes:/home/aleksandr/IdeaProjects/webportal/ITFB/target/classes:/home/aleksandr/.m2/repository/com/codeborne/selenide/4.10.01/selenide-4.10.01.jar:/home/aleksandr/.m2/repository/io/github/bonigarcia/webdrivermanager/2.1.0/webdrivermanager-2.1.0.jar:/home/aleksandr/.m2/repository/org/slf4j/slf4j-api/1.7.25/slf4j-api-1.7.25.jar:/home/aleksandr/.m2/repository/commons-io/commons-io/2.5/commons-io-2.5.jar:/home/aleksandr/.m2/repository/org/apache/commons/commons-lang3/3.8.1/commons-lang3-3.8.1.jar:/home/aleksandr/.m2/repository/org/apache/httpcomponents/httpclient/4.5.6/httpclient-4.5.6.jar:/home/aleksandr/.m2/repository/org/rauschig/jarchivelib/0.7.1/jarchivelib-0.7.1.jar:/home/aleksandr/.m2/repository/org/apache/commons/commons-compress/1.9/commons-compress-1.9.jar:/home/aleksandr/.m2/repository/org/jsoup/jsoup/1.10.2/jsoup-1.10.2.jar:/home/aleksandr/.m2/repository/org/apache/httpcomponents/httpcore/4.4.10/httpcore-4.4.10.jar:/home/aleksandr/.m2/repository/org/seleniumhq/selenium/selenium-java/3.14.0/selenium-java-3.14.0.jar:/home/aleksandr/.m2/repository/org/seleniumhq/selenium/selenium-api/3.14.0/selenium-api-3.14.0.jar:/home/aleksandr/.m2/repository/org/seleniumhq/selenium/selenium-chrome-driver/3.14.0/selenium-chrome-driver-3.14.0.jar:/home/aleksandr/.m2/repository/org/seleniumhq/selenium/selenium-edge-driver/3.14.0/selenium-edge-driver-3.14.0.jar:/home/aleksandr/.m2/repository/org/seleniumhq/selenium/selenium-firefox-driver/3.14.0/selenium-firefox-driver-3.14.0.jar:/home/aleksandr/.m2/repository/org/seleniumhq/selenium/selenium-ie-driver/3.14.0/selenium-ie-driver-3.14.0.jar:/home/aleksandr/.m2/repository/org/seleniumhq/selenium/selenium-opera-driver/3.14.0/selenium-opera-driver-3.14.0.jar:/home/aleksandr/.m2/repository/org/seleniumhq/selenium/selenium-remote-driver/3.14.0/selenium-remote-driver-3.14.0.jar:/home/aleksandr/.m2/repository/org/seleniumhq/selenium/selenium-support/3.14.0/selenium-support-3.14.0.jar:/home/aleksandr/.m2/repository/net/bytebuddy/byte-buddy/1.9.5/byte-buddy-1.9.5.jar:/home/aleksandr/.m2/repository/org/apache/commons/commons-exec/1.3/commons-exec-1.3.jar:/home/aleksandr/.m2/repository/commons-logging/commons-logging/1.2/commons-logging-1.2.jar:/home/aleksandr/.m2/repository/com/squareup/okhttp3/okhttp/3.10.0/okhttp-3.10.0.jar:/home/aleksandr/.m2/repository/com/squareup/okio/okio/1.14.1/okio-1.14.1.jar:/home/aleksandr/.m2/repository/com/google/code/gson/gson/2.8.5/gson-2.8.5.jar:/home/aleksandr/.m2/repository/com/google/guava/guava/23.6-jre/guava-23.6-jre.jar:/home/aleksandr/.m2/repository/com/google/code/findbugs/jsr305/1.3.9/jsr305-1.3.9.jar:/home/aleksandr/.m2/repository/org/checkerframework/checker-compat-qual/2.0.0/checker-compat-qual-2.0.0.jar:/home/aleksandr/.m2/repository/com/google/errorprone/error_prone_annotations/2.1.3/error_prone_annotations-2.1.3.jar:/home/aleksandr/.m2/repository/com/google/j2objc/j2objc-annotations/1.1/j2objc-annotations-1.1.jar:/home/aleksandr/.m2/repository/org/codehaus/mojo/animal-sniffer-annotations/1.14/animal-sniffer-annotations-1.14.jar:/home/aleksandr/.m2/repository/net/lightbody/bmp/browsermob-core/2.1.5/browsermob-core-2.1.5.jar:/home/aleksandr/.m2/repository/net/lightbody/bmp/littleproxy/1.1.0-beta-bmp-17/littleproxy-1.1.0-beta-bmp-17.jar:/home/aleksandr/.m2/repository/com/fasterxml/jackson/core/jackson-core/2.9.7/jackson-core-2.9.7.jar:/home/aleksandr/.m2/repository/com/fasterxml/jackson/core/jackson-databind/2.9.7/jackson-databind-2.9.7.jar:/home/aleksandr/.m2/repository/com/fasterxml/jackson/core/jackson-annotations/2.9.0/jackson-annotations-2.9.0.jar:/home/aleksandr/.m2/repository/dnsjava/dnsjava/2.1.8/dnsjava-2.1.8.jar:/home/aleksandr/.m2/repository/org/slf4j/jcl-over-slf4j/1.7.25/jcl-over-slf4j-1.7.25.jar:/home/aleksandr/.m2/repository/com/jcraft/jzlib/1.1.3/jzlib-1.1.3.jar:/home/aleksandr/.m2/repository/io/netty/netty-all/4.1.31.Final/netty-all-4.1.31.Final.jar:/home/aleksandr/.m2/repository/org/bouncycastle/bcprov-jdk15on/1.58/bcprov-jdk15on-1.58.jar:/home/aleksandr/.m2/repository/org/bouncycastle/bcpkix-jdk15on/1.58/bcpkix-jdk15on-1.58.jar:/home/aleksandr/.m2/repository/net/lightbody/bmp/mitm/2.1.5/mitm-2.1.5.jar:/home/aleksandr/.m2/repository/com/codeborne/phantomjsdriver/1.4.4/phantomjsdriver-1.4.4.jar:/home/aleksandr/.m2/repository/commons-codec/commons-codec/1.11/commons-codec-1.11.jar:/home/aleksandr/.m2/repository/io/qameta/allure/allure-junit4/2.6.0/allure-junit4-2.6.0.jar:/home/aleksandr/.m2/repository/io/qameta/allure/allure-java-commons/2.6.0/allure-java-commons-2.6.0.jar:/home/aleksandr/.m2/repository/io/qameta/allure/allure2-model-api/1.0-BETA6/allure2-model-api-1.0-BETA6.jar:/home/aleksandr/.m2/repository/io/qameta/allure/allure2-model-pojo/1.0-BETA6/allure2-model-pojo-1.0-BETA6.jar:/home/aleksandr/.m2/repository/org/apache/tika/tika-core/1.14/tika-core-1.14.jar:/home/aleksandr/.m2/repository/io/qameta/allure/allure2-model-jackson/1.0-BETA6/allure2-model-jackson-1.0-BETA6.jar:/home/aleksandr/.m2/repository/com/fasterxml/jackson/module/jackson-module-jaxb-annotations/2.9.7/jackson-module-jaxb-annotations-2.9.7.jar:/home/aleksandr/.m2/repository/org/aspectj/aspectjrt/1.8.10/aspectjrt-1.8.10.jar:/home/aleksandr/.m2/repository/org/jooq/joor/0.9.6/joor-0.9.6.jar:/home/aleksandr/.m2/repository/junit/junit/4.12/junit-4.12.jar:/home/aleksandr/.m2/repository/io/qameta/allure/allure-cucumber-jvm/2.6.0/allure-cucumber-jvm-2.6.0.jar:/home/aleksandr/.m2/repository/info/cukes/cucumber-core/1.2.5/cucumber-core-1.2.5.jar:/home/aleksandr/.m2/repository/info/cukes/cucumber-html/0.2.3/cucumber-html-0.2.3.jar:/home/aleksandr/.m2/repository/info/cukes/cucumber-jvm-deps/1.0.5/cucumber-jvm-deps-1.0.5.jar:/home/aleksandr/.m2/repository/info/cukes/cucumber-java/1.2.5/cucumber-java-1.2.5.jar:/home/aleksandr/.m2/repository/info/cukes/cucumber-junit/1.2.5/cucumber-junit-1.2.5.jar:/home/aleksandr/.m2/repository/info/cukes/gherkin/2.12.2/gherkin-2.12.2.jar:/home/aleksandr/.m2/repository/io/qameta/allure/allure-selenide/2.6.0/allure-selenide-2.6.0.jar:/home/aleksandr/.m2/repository/org/springframework/spring-core/5.1.3.RELEASE/spring-core-5.1.3.RELEASE.jar:/home/aleksandr/.m2/repository/org/springframework/spring-jcl/5.1.3.RELEASE/spring-jcl-5.1.3.RELEASE.jar:/home/aleksandr/.m2/repository/org/springframework/boot/spring-boot-starter-web/2.1.1.RELEASE/spring-boot-starter-web-2.1.1.RELEASE.jar:/home/aleksandr/.m2/repository/org/springframework/boot/spring-boot-starter/2.1.1.RELEASE/spring-boot-starter-2.1.1.RELEASE.jar:/home/aleksandr/.m2/repository/org/springframework/boot/spring-boot/2.1.1.RELEASE/spring-boot-2.1.1.RELEASE.jar:/home/aleksandr/.m2/repository/org/springframework/boot/spring-boot-autoconfigure/2.1.1.RELEASE/spring-boot-autoconfigure-2.1.1.RELEASE.jar:/home/aleksandr/.m2/repository/org/springframework/boot/spring-boot-starter-logging/2.1.1.RELEASE/spring-boot-starter-logging-2.1.1.RELEASE.jar:/home/aleksandr/.m2/repository/ch/qos/logback/logback-classic/1.2.3/logback-classic-1.2.3.jar:/home/aleksandr/.m2/repository/ch/qos/logback/logback-core/1.2.3/logback-core-1.2.3.jar:/home/aleksandr/.m2/repository/org/apache/logging/log4j/log4j-to-slf4j/2.11.1/log4j-to-slf4j-2.11.1.jar:/home/aleksandr/.m2/repository/org/apache/logging/log4j/log4j-api/2.11.1/log4j-api-2.11.1.jar:/home/aleksandr/.m2/repository/org/slf4j/jul-to-slf4j/1.7.25/jul-to-slf4j-1.7.25.jar:/home/aleksandr/.m2/repository/javax/annotation/javax.annotation-api/1.3.2/javax.annotation-api-1.3.2.jar:/home/aleksandr/.m2/repository/org/yaml/snakeyaml/1.23/snakeyaml-1.23.jar:/home/aleksandr/.m2/repository/org/springframework/boot/spring-boot-starter-json/2.1.1.RELEASE/spring-boot-starter-json-2.1.1.RELEASE.jar:/home/aleksandr/.m2/repository/com/fasterxml/jackson/datatype/jackson-datatype-jdk8/2.9.7/jackson-datatype-jdk8-2.9.7.jar:/home/aleksandr/.m2/repository/com/fasterxml/jackson/datatype/jackson-datatype-jsr310/2.9.7/jackson-datatype-jsr310-2.9.7.jar:/home/aleksandr/.m2/repository/com/fasterxml/jackson/module/jackson-module-parameter-names/2.9.7/jackson-module-parameter-names-2.9.7.jar:/home/aleksandr/.m2/repository/org/springframework/boot/spring-boot-starter-tomcat/2.1.1.RELEASE/spring-boot-starter-tomcat-2.1.1.RELEASE.jar:/home/aleksandr/.m2/repository/org/apache/tomcat/embed/tomcat-embed-core/9.0.13/tomcat-embed-core-9.0.13.jar:/home/aleksandr/.m2/repository/org/apache/tomcat/embed/tomcat-embed-el/9.0.13/tomcat-embed-el-9.0.13.jar:/home/aleksandr/.m2/repository/org/apache/tomcat/embed/tomcat-embed-websocket/9.0.13/tomcat-embed-websocket-9.0.13.jar:/home/aleksandr/.m2/repository/org/hibernate/validator/hibernate-validator/6.0.13.Final/hibernate-validator-6.0.13.Final.jar:/home/aleksandr/.m2/repository/javax/validation/validation-api/2.0.1.Final/validation-api-2.0.1.Final.jar:/home/aleksandr/.m2/repository/org/jboss/logging/jboss-logging/3.3.2.Final/jboss-logging-3.3.2.Final.jar:/home/aleksandr/.m2/repository/com/fasterxml/classmate/1.4.0/classmate-1.4.0.jar:/home/aleksandr/.m2/repository/org/springframework/spring-web/5.1.3.RELEASE/spring-web-5.1.3.RELEASE.jar:/home/aleksandr/.m2/repository/org/springframework/spring-beans/5.1.3.RELEASE/spring-beans-5.1.3.RELEASE.jar:/home/aleksandr/.m2/repository/org/springframework/spring-webmvc/5.1.3.RELEASE/spring-webmvc-5.1.3.RELEASE.jar:/home/aleksandr/.m2/repository/org/springframework/spring-aop/5.1.3.RELEASE/spring-aop-5.1.3.RELEASE.jar:/home/aleksandr/.m2/repository/org/springframework/spring-context/5.1.3.RELEASE/spring-context-5.1.3.RELEASE.jar:/home/aleksandr/.m2/repository/org/springframework/spring-expression/5.1.3.RELEASE/spring-expression-5.1.3.RELEASE.jar:/home/aleksandr/.m2/repository/org/springframework/boot/spring-boot-starter-test/2.1.1.RELEASE/spring-boot-starter-test-2.1.1.RELEASE.jar:/home/aleksandr/.m2/repository/org/springframework/boot/spring-boot-test/2.1.1.RELEASE/spring-boot-test-2.1.1.RELEASE.jar:/home/aleksandr/.m2/repository/org/springframework/boot/spring-boot-test-autoconfigure/2.1.1.RELEASE/spring-boot-test-autoconfigure-2.1.1.RELEASE.jar:/home/aleksandr/.m2/repository/com/jayway/jsonpath/json-path/2.4.0/json-path-2.4.0.jar:/home/aleksandr/.m2/repository/net/minidev/json-smart/2.3/json-smart-2.3.jar:/home/aleksandr/.m2/repository/net/minidev/accessors-smart/1.2/accessors-smart-1.2.jar:/home/aleksandr/.m2/repository/org/ow2/asm/asm/5.0.4/asm-5.0.4.jar:/home/aleksandr/.m2/repository/org/assertj/assertj-core/3.11.1/assertj-core-3.11.1.jar:/home/aleksandr/.m2/repository/org/mockito/mockito-core/2.23.4/mockito-core-2.23.4.jar:/home/aleksandr/.m2/repository/net/bytebuddy/byte-buddy-agent/1.9.5/byte-buddy-agent-1.9.5.jar:/home/aleksandr/.m2/repository/org/objenesis/objenesis/2.6/objenesis-2.6.jar:/home/aleksandr/.m2/repository/org/hamcrest/hamcrest-core/1.3/hamcrest-core-1.3.jar:/home/aleksandr/.m2/repository/org/hamcrest/hamcrest-library/1.3/hamcrest-library-1.3.jar:/home/aleksandr/.m2/repository/org/skyscreamer/jsonassert/1.5.0/jsonassert-1.5.0.jar:/home/aleksandr/.m2/repository/com/vaadin/external/google/android-json/0.0.20131108.vaadin1/android-json-0.0.20131108.vaadin1.jar:/home/aleksandr/.m2/repository/org/springframework/spring-test/5.1.3.RELEASE/spring-test-5.1.3.RELEASE.jar:/home/aleksandr/.m2/repository/org/xmlunit/xmlunit-core/2.6.2/xmlunit-core-2.6.2.jar:/home/aleksandr/.m2/repository/io/cucumber/cucumber-java/2.3.1/cucumber-java-2.3.1.jar:/home/aleksandr/.m2/repository/io/cucumber/cucumber-core/2.3.1/cucumber-core-2.3.1.jar:/home/aleksandr/.m2/repository/io/cucumber/cucumber-jvm-deps/1.0.6/cucumber-jvm-deps-1.0.6.jar:/home/aleksandr/.m2/repository/io/cucumber/gherkin/5.0.0/gherkin-5.0.0.jar:/home/aleksandr/.m2/repository/io/cucumber/tag-expressions/1.1.1/tag-expressions-1.1.1.jar:/home/aleksandr/.m2/repository/io/cucumber/cucumber-junit/2.3.1/cucumber-junit-2.3.1.jar:/home/aleksandr/.m2/repository/io/cucumber/cucumber-spring/4.2.0/cucumber-spring-4.2.0.jar:"/>
    <property name="sun.cpu.endian" value="little"/>
    <property name="allure.results.directory" value="/home/aleksandr/IdeaProjects/webportal/ITFB/target/allure-results"/>
    <property name="user.home" value="/home/aleksandr"/>
    <property name="user.language" value="ru"/>
    <property name="java.specification.vendor" value="Oracle Corporation"/>
    <property name="java.home" value="/usr/lib/jvm/java-8-oracle/jre"/>
    <property name="basedir" value="/home/aleksandr/IdeaProjects/webportal/ITFB"/>
    <property name="file.separator" value="/"/>
    <property name="line.separator" value="&#10;"/>
    <property name="java.vm.specification.vendor" value="Oracle Corporation"/>
    <property name="java.specification.name" value="Java Platform API Specification"/>
    <property name="java.awt.graphicsenv" value="sun.awt.X11GraphicsEnvironment"/>
    <property name="surefire.real.class.path" value="/home/aleksandr/IdeaProjects/webportal/ITFB/target/surefire/surefirebooter8843982955846011343.jar:/home/aleksandr/.m2/repository/org/aspectj/aspectjweaver/1.8.10/aspectjweaver-1.8.10.jar"/>
    <property name="sun.boot.class.path" value="/usr/lib/jvm/java-8-oracle/jre/lib/resources.jar:/usr/lib/jvm/java-8-oracle/jre/lib/rt.jar:/usr/lib/jvm/java-8-oracle/jre/lib/sunrsasign.jar:/usr/lib/jvm/java-8-oracle/jre/lib/jsse.jar:/usr/lib/jvm/java-8-oracle/jre/lib/jce.jar:/usr/lib/jvm/java-8-oracle/jre/lib/charsets.jar:/usr/lib/jvm/java-8-oracle/jre/lib/jfr.jar:/usr/lib/jvm/java-8-oracle/jre/classes"/>
    <property name="sun.management.compiler" value="HotSpot 64-Bit Tiered Compilers"/>
    <property name="java.runtime.version" value="1.8.0_171-b11"/>
    <property name="user.name" value="aleksandr"/>
    <property name="path.separator" value=":"/>
    <property name="os.version" value="4.15.0-43-generic"/>
    <property name="java.endorsed.dirs" value="/usr/lib/jvm/java-8-oracle/jre/lib/endorsed"/>
    <property name="java.runtime.name" value="Java(TM) SE Runtime Environment"/>
    <property name="file.encoding" value="UTF-8"/>
    <property name="browser" value="chrome"/>
    <property name="java.vm.name" value="Java HotSpot(TM) 64-Bit Server VM"/>
    <property name="localRepository" value="/home/aleksandr/.m2/repository"/>
    <property name="cucumber.options" value="--plugin io.qameta.allure.cucumberjvm.AllureCucumberJvm"/>
    <property name="java.vendor.url.bug" value="http://bugreport.sun.com/bugreport/"/>
    <property name="java.io.tmpdir" value="/tmp"/>
    <property name="java.version" value="1.8.0_171"/>
    <property name="user.dir" value="/home/aleksandr/IdeaProjects/webportal/ITFB"/>
    <property name="os.arch" value="amd64"/>
    <property name="java.vm.specification.name" value="Java Virtual Machine Specification"/>
    <property name="java.awt.printerjob" value="sun.print.PSPrinterJob"/>
    <property name="sun.os.patch.level" value="unknown"/>
    <property name="tempDirectory" value="/home/aleksandr/IdeaProjects/webportal/ITFB/target\temp\"/>
    <property name="java.library.path" value="/usr/java/packages/lib/amd64:/usr/lib64:/lib64:/lib:/usr/lib"/>
    <property name="java.vm.info" value="mixed mode"/>
    <property name="java.vendor" value="Oracle Corporation"/>
    <property name="java.vm.version" value="25.171-b11"/>
    <property name="java.ext.dirs" value="/usr/lib/jvm/java-8-oracle/jre/lib/ext:/usr/java/packages/lib/ext"/>
    <property name="sun.io.unicode.encoding" value="UnicodeLittle"/>
    <property name="java.class.version" value="52.0"/>
  </properties>
  <testcase name="Given user opens &quot;https://www.google.com/?hl=ru&quot;" classname="Scenario: Check google" time="0.002"/>
  <testcase name="When user clicks on search area" classname="Scenario: Check google" time="0"/>
  <testcase name="And user types &quot;ITFB&quot; in search area and press key" classname="Scenario: Check google" time="0"/>
  <testcase name="Then user must watch titles with &quot;ITFB&quot; word" classname="Scenario: Check google" time="0"/>
  <testcase name="Scenario: Check google" classname="Scenario: Check google" time="0.081"/>
  <testcase name="Given user must watch titles with &quot;ITFB&quot; word" classname="Scenario: Check ITFB site is visible" time="0"/>
  <testcase name="When user clicks on &quot;itfb.ru/&quot; link" classname="Scenario: Check ITFB site is visible" time="0"/>
  <testcase name="Then user must watch &quot;http://itfb.ru/&quot; site" classname="Scenario: Check ITFB site is visible" time="0"/>
  <testcase name="Scenario: Check ITFB site is visible" classname="Scenario: Check ITFB site is visible" time="0.002"/>
</testsuite>